c:\users\s6099298\source\opengl-voxel-engine\opengl-voxel-engine\bin-intermediate-files\debug-x64\procedural-terrain\vc142.pdb
c:\users\s6099298\source\opengl-voxel-engine\opengl-voxel-engine\bin-intermediate-files\debug-x64\procedural-terrain\vc142.idb
c:\users\s6099298\source\opengl-voxel-engine\opengl-voxel-engine\bin-intermediate-files\debug-x64\procedural-terrain\vertexbuffer.nativecodeanalysis.sarif
c:\users\s6099298\source\opengl-voxel-engine\opengl-voxel-engine\bin-intermediate-files\debug-x64\procedural-terrain\vertexbuffer.nativecodeanalysis.xml
c:\users\s6099298\source\opengl-voxel-engine\opengl-voxel-engine\bin-intermediate-files\debug-x64\procedural-terrain\vertexarray.nativecodeanalysis.sarif
c:\users\s6099298\source\opengl-voxel-engine\opengl-voxel-engine\bin-intermediate-files\debug-x64\procedural-terrain\vertexarray.nativecodeanalysis.xml
c:\users\s6099298\source\opengl-voxel-engine\opengl-voxel-engine\bin-intermediate-files\debug-x64\procedural-terrain\stb_image.nativecodeanalysis.sarif
c:\users\s6099298\source\opengl-voxel-engine\opengl-voxel-engine\bin-intermediate-files\debug-x64\procedural-terrain\stb_image.nativecodeanalysis.xml
c:\users\s6099298\source\opengl-voxel-engine\opengl-voxel-engine\bin-intermediate-files\debug-x64\procedural-terrain\imgui_widgets.nativecodeanalysis.sarif
c:\users\s6099298\source\opengl-voxel-engine\opengl-voxel-engine\bin-intermediate-files\debug-x64\procedural-terrain\imgui_widgets.nativecodeanalysis.xml
c:\users\s6099298\source\opengl-voxel-engine\opengl-voxel-engine\bin-intermediate-files\debug-x64\procedural-terrain\imgui_impl_opengl3.nativecodeanalysis.sarif
c:\users\s6099298\source\opengl-voxel-engine\opengl-voxel-engine\bin-intermediate-files\debug-x64\procedural-terrain\imgui_impl_opengl3.nativecodeanalysis.xml
c:\users\s6099298\source\opengl-voxel-engine\opengl-voxel-engine\bin-intermediate-files\debug-x64\procedural-terrain\imgui_impl_glfw.nativecodeanalysis.sarif
c:\users\s6099298\source\opengl-voxel-engine\opengl-voxel-engine\bin-intermediate-files\debug-x64\procedural-terrain\imgui_impl_glfw.nativecodeanalysis.xml
c:\users\s6099298\source\opengl-voxel-engine\opengl-voxel-engine\bin-intermediate-files\debug-x64\procedural-terrain\imgui_draw.nativecodeanalysis.sarif
c:\users\s6099298\source\opengl-voxel-engine\opengl-voxel-engine\bin-intermediate-files\debug-x64\procedural-terrain\imgui_draw.nativecodeanalysis.xml
c:\users\s6099298\source\opengl-voxel-engine\opengl-voxel-engine\bin-intermediate-files\debug-x64\procedural-terrain\imgui_demo.nativecodeanalysis.sarif
c:\users\s6099298\source\opengl-voxel-engine\opengl-voxel-engine\bin-intermediate-files\debug-x64\procedural-terrain\imgui_demo.nativecodeanalysis.xml
c:\users\s6099298\source\opengl-voxel-engine\opengl-voxel-engine\bin-intermediate-files\debug-x64\procedural-terrain\imgui.nativecodeanalysis.sarif
c:\users\s6099298\source\opengl-voxel-engine\opengl-voxel-engine\bin-intermediate-files\debug-x64\procedural-terrain\imgui.nativecodeanalysis.xml
c:\users\s6099298\source\opengl-voxel-engine\opengl-voxel-engine\bin-intermediate-files\debug-x64\procedural-terrain\glm.nativecodeanalysis.sarif
c:\users\s6099298\source\opengl-voxel-engine\opengl-voxel-engine\bin-intermediate-files\debug-x64\procedural-terrain\glm.nativecodeanalysis.xml
c:\users\s6099298\source\opengl-voxel-engine\opengl-voxel-engine\bin-intermediate-files\debug-x64\procedural-terrain\texture.nativecodeanalysis.sarif
c:\users\s6099298\source\opengl-voxel-engine\opengl-voxel-engine\bin-intermediate-files\debug-x64\procedural-terrain\texture.nativecodeanalysis.xml
c:\users\s6099298\source\opengl-voxel-engine\opengl-voxel-engine\bin-intermediate-files\debug-x64\procedural-terrain\shader.nativecodeanalysis.sarif
c:\users\s6099298\source\opengl-voxel-engine\opengl-voxel-engine\bin-intermediate-files\debug-x64\procedural-terrain\shader.nativecodeanalysis.xml
c:\users\s6099298\source\opengl-voxel-engine\opengl-voxel-engine\bin-intermediate-files\debug-x64\procedural-terrain\application.nativecodeanalysis.sarif
c:\users\s6099298\source\opengl-voxel-engine\opengl-voxel-engine\bin-intermediate-files\debug-x64\procedural-terrain\application.nativecodeanalysis.xml
c:\users\s6099298\source\opengl-voxel-engine\opengl-voxel-engine\bin-intermediate-files\debug-x64\procedural-terrain\block.nativecodeanalysis.sarif
c:\users\s6099298\source\opengl-voxel-engine\opengl-voxel-engine\bin-intermediate-files\debug-x64\procedural-terrain\block.nativecodeanalysis.xml
c:\users\s6099298\source\opengl-voxel-engine\opengl-voxel-engine\bin-intermediate-files\debug-x64\procedural-terrain\renderer.nativecodeanalysis.sarif
c:\users\s6099298\source\opengl-voxel-engine\opengl-voxel-engine\bin-intermediate-files\debug-x64\procedural-terrain\renderer.nativecodeanalysis.xml
c:\users\s6099298\source\opengl-voxel-engine\opengl-voxel-engine\bin-intermediate-files\debug-x64\procedural-terrain\indexbuffer.nativecodeanalysis.sarif
c:\users\s6099298\source\opengl-voxel-engine\opengl-voxel-engine\bin-intermediate-files\debug-x64\procedural-terrain\indexbuffer.nativecodeanalysis.xml
c:\users\s6099298\source\opengl-voxel-engine\opengl-voxel-engine\bin-intermediate-files\debug-x64\procedural-terrain\glerrormanager.nativecodeanalysis.sarif
c:\users\s6099298\source\opengl-voxel-engine\opengl-voxel-engine\bin-intermediate-files\debug-x64\procedural-terrain\glerrormanager.nativecodeanalysis.xml
c:\users\s6099298\source\opengl-voxel-engine\opengl-voxel-engine\bin-intermediate-files\debug-x64\procedural-terrain\chunk.nativecodeanalysis.sarif
c:\users\s6099298\source\opengl-voxel-engine\opengl-voxel-engine\bin-intermediate-files\debug-x64\procedural-terrain\chunk.nativecodeanalysis.xml
c:\users\s6099298\source\opengl-voxel-engine\opengl-voxel-engine\bin-intermediate-files\debug-x64\procedural-terrain\chunk.obj
c:\users\s6099298\source\opengl-voxel-engine\opengl-voxel-engine\bin-intermediate-files\debug-x64\procedural-terrain\glerrormanager.obj
c:\users\s6099298\source\opengl-voxel-engine\opengl-voxel-engine\bin-intermediate-files\debug-x64\procedural-terrain\indexbuffer.obj
c:\users\s6099298\source\opengl-voxel-engine\opengl-voxel-engine\bin-intermediate-files\debug-x64\procedural-terrain\renderer.obj
c:\users\s6099298\source\opengl-voxel-engine\opengl-voxel-engine\bin-intermediate-files\debug-x64\procedural-terrain\block.obj
c:\users\s6099298\source\opengl-voxel-engine\opengl-voxel-engine\bin-intermediate-files\debug-x64\procedural-terrain\application.obj
c:\users\s6099298\source\opengl-voxel-engine\opengl-voxel-engine\bin-intermediate-files\debug-x64\procedural-terrain\shader.obj
c:\users\s6099298\source\opengl-voxel-engine\opengl-voxel-engine\bin-intermediate-files\debug-x64\procedural-terrain\texture.obj
c:\users\s6099298\source\opengl-voxel-engine\opengl-voxel-engine\bin-intermediate-files\debug-x64\procedural-terrain\glm.obj
c:\users\s6099298\source\opengl-voxel-engine\opengl-voxel-engine\bin-intermediate-files\debug-x64\procedural-terrain\imgui.obj
c:\users\s6099298\source\opengl-voxel-engine\opengl-voxel-engine\bin-intermediate-files\debug-x64\procedural-terrain\imgui_demo.obj
c:\users\s6099298\source\opengl-voxel-engine\opengl-voxel-engine\bin-intermediate-files\debug-x64\procedural-terrain\imgui_draw.obj
c:\users\s6099298\source\opengl-voxel-engine\opengl-voxel-engine\bin-intermediate-files\debug-x64\procedural-terrain\imgui_impl_glfw.obj
c:\users\s6099298\source\opengl-voxel-engine\opengl-voxel-engine\bin-intermediate-files\debug-x64\procedural-terrain\imgui_impl_opengl3.obj
c:\users\s6099298\source\opengl-voxel-engine\opengl-voxel-engine\bin-intermediate-files\debug-x64\procedural-terrain\imgui_widgets.obj
c:\users\s6099298\source\opengl-voxel-engine\opengl-voxel-engine\bin-intermediate-files\debug-x64\procedural-terrain\stb_image.obj
c:\users\s6099298\source\opengl-voxel-engine\opengl-voxel-engine\bin-intermediate-files\debug-x64\procedural-terrain\vertexarray.obj
c:\users\s6099298\source\opengl-voxel-engine\opengl-voxel-engine\bin-intermediate-files\debug-x64\procedural-terrain\vertexbuffer.obj
c:\users\s6099298\source\opengl-voxel-engine\opengl-voxel-engine\bin\debug-x64\procedural-terrain\procedural-terrain.ilk
c:\users\s6099298\source\opengl-voxel-engine\opengl-voxel-engine\bin\debug-x64\procedural-terrain\procedural-terrain.exe
c:\users\s6099298\source\opengl-voxel-engine\opengl-voxel-engine\bin\debug-x64\procedural-terrain\procedural-terrain.pdb
c:\users\s6099298\source\opengl-voxel-engine\opengl-voxel-engine\bin-intermediate-files\debug-x64\procedural-terrain\nativecodeanalysis.read.1.tlog
c:\users\s6099298\source\opengl-voxel-engine\opengl-voxel-engine\bin-intermediate-files\debug-x64\procedural-terrain\vc.nativecodeanalysis.all.xml
c:\users\s6099298\source\opengl-voxel-engine\opengl-voxel-engine\bin\debug-x64\procedural-terrain\procedural-terrain.exe.lastcodeanalysissucceeded
c:\users\s6099298\source\opengl-voxel-engine\opengl-voxel-engine\bin-intermediate-files\debug-x64\procedural-terrain\procedur.eb3354d2.tlog\cl.command.1.tlog
c:\users\s6099298\source\opengl-voxel-engine\opengl-voxel-engine\bin-intermediate-files\debug-x64\procedural-terrain\procedur.eb3354d2.tlog\cl.read.1.tlog
c:\users\s6099298\source\opengl-voxel-engine\opengl-voxel-engine\bin-intermediate-files\debug-x64\procedural-terrain\procedur.eb3354d2.tlog\cl.write.1.tlog
c:\users\s6099298\source\opengl-voxel-engine\opengl-voxel-engine\bin-intermediate-files\debug-x64\procedural-terrain\procedur.eb3354d2.tlog\link.command.1.tlog
c:\users\s6099298\source\opengl-voxel-engine\opengl-voxel-engine\bin-intermediate-files\debug-x64\procedural-terrain\procedur.eb3354d2.tlog\link.read.1.tlog
c:\users\s6099298\source\opengl-voxel-engine\opengl-voxel-engine\bin-intermediate-files\debug-x64\procedural-terrain\procedur.eb3354d2.tlog\link.write.1.tlog
