c:\users\michael\documents\github\voxel-engine\bin-intermediate files\debug-x64\procedural-terrain\vc142.pdb
c:\users\michael\documents\github\voxel-engine\bin-intermediate files\debug-x64\procedural-terrain\vc142.idb
c:\users\michael\documents\github\voxel-engine\bin-intermediate files\debug-x64\procedural-terrain\vertexbuffer.obj
c:\users\michael\documents\github\voxel-engine\bin-intermediate files\debug-x64\procedural-terrain\application.obj
c:\users\michael\documents\github\voxel-engine\bin-intermediate files\debug-x64\procedural-terrain\block.obj
c:\users\michael\documents\github\voxel-engine\bin-intermediate files\debug-x64\procedural-terrain\renderer.obj
c:\users\michael\documents\github\voxel-engine\bin-intermediate files\debug-x64\procedural-terrain\indexbuffer.obj
c:\users\michael\documents\github\voxel-engine\bin-intermediate files\debug-x64\procedural-terrain\chunk.obj
c:\users\michael\documents\github\voxel-engine\bin-intermediate files\debug-x64\procedural-terrain\vertexbufferlayout.obj
c:\users\michael\documents\github\voxel-engine\bin-intermediate files\debug-x64\procedural-terrain\vertexarray.obj
c:\users\michael\documents\github\voxel-engine\bin-intermediate files\debug-x64\procedural-terrain\shader.obj
c:\users\michael\documents\github\voxel-engine\bin-intermediate files\debug-x64\procedural-terrain\glerrormanager.obj
c:\users\michael\documents\github\voxel-engine\bin-intermediate files\debug-x64\procedural-terrain\glm.obj
c:\users\michael\documents\github\voxel-engine\bin-intermediate files\debug-x64\procedural-terrain\imgui_widgets.obj
c:\users\michael\documents\github\voxel-engine\bin-intermediate files\debug-x64\procedural-terrain\imgui_draw.obj
c:\users\michael\documents\github\voxel-engine\bin-intermediate files\debug-x64\procedural-terrain\imgui_demo.obj
c:\users\michael\documents\github\voxel-engine\bin-intermediate files\debug-x64\procedural-terrain\imgui.obj
c:\users\michael\documents\github\voxel-engine\bin\debug-x64\procedural-terrain\procedural-terrain.exe
c:\users\michael\documents\github\voxel-engine\bin\debug-x64\procedural-terrain\procedural-terrain.ilk
c:\users\michael\documents\github\voxel-engine\bin\debug-x64\procedural-terrain\procedural-terrain.pdb
c:\users\michael\documents\github\voxel-engine\bin-intermediate files\debug-x64\procedural-terrain\procedur.eb3354d2.tlog\cl.command.1.tlog
c:\users\michael\documents\github\voxel-engine\bin-intermediate files\debug-x64\procedural-terrain\procedur.eb3354d2.tlog\cl.read.1.tlog
c:\users\michael\documents\github\voxel-engine\bin-intermediate files\debug-x64\procedural-terrain\procedur.eb3354d2.tlog\cl.write.1.tlog
c:\users\michael\documents\github\voxel-engine\bin-intermediate files\debug-x64\procedural-terrain\procedur.eb3354d2.tlog\link.command.1.tlog
c:\users\michael\documents\github\voxel-engine\bin-intermediate files\debug-x64\procedural-terrain\procedur.eb3354d2.tlog\link.read.1.tlog
c:\users\michael\documents\github\voxel-engine\bin-intermediate files\debug-x64\procedural-terrain\procedur.eb3354d2.tlog\link.write.1.tlog
